<?xml version="1.0" encoding="UTF-8"?>
<!-- Generated by org.testng.reporters.JUnitReportReporter -->
<testsuite hostname="Mr-Ahaduzzaman" failures="0" tests="2" name="SalseCRM.CRM.adding_Contact_List" time="59.491" errors="0" timestamp="05 Sep 2023 09:43:49 GMT" skipped="0">
  <testcase classname="SalseCRM.CRM.adding_Contact_List" name="addRecord" time="29.466"/>
  <testcase classname="SalseCRM.CRM.adding_Contact_List" name="AddRecord" time="30.025"/>
</testsuite> <!-- SalseCRM.CRM.adding_Contact_List -->
