<?xml version="1.0" encoding="UTF-8"?>
<!-- Generated by org.testng.reporters.JUnitReportReporter -->
<testsuite hostname="Mr-Ahaduzzaman" failures="0" tests="3" name="SalseCRM.CRM.adding_Oportunities_List" time="103.698" errors="0" timestamp="05 Sep 2023 12:06:40 GMT" skipped="0">
  <testcase classname="SalseCRM.CRM.adding_Oportunities_List" name="addRecord" time="30.110"/>
  <testcase classname="SalseCRM.CRM.adding_Oportunities_List" name="AddOportunitiesList" time="35.400"/>
  <testcase classname="SalseCRM.CRM.adding_Oportunities_List" name="AddContactList" time="38.188"/>
</testsuite> <!-- SalseCRM.CRM.adding_Oportunities_List -->
