<?xml version="1.0" encoding="UTF-8"?>
<!-- Generated by org.testng.reporters.JUnitReportReporter -->
<testsuite hostname="Mr-Ahaduzzaman" failures="0" tests="1" name="SalseCRM.CRM.adding_Account_record" time="22.605" errors="0" timestamp="05 Sep 2023 11:41:51 GMT" skipped="0">
  <testcase classname="SalseCRM.CRM.adding_Account_record" name="addRecord" time="22.605"/>
</testsuite> <!-- SalseCRM.CRM.adding_Account_record -->
